<?xml version="1.0" encoding="UTF-8"?>
<!-- Generated by org.testng.reporters.JUnitReportReporter -->
<testsuite hostname="DESKTOP-TH9MDQH" failures="0" tests="2" name="restaurantBooking.NewTest" time="3.142" errors="0" timestamp="27 Feb 2022 11:28:54 GMT">
  <testcase classname="restaurantBooking.NewTest" name="f" time="1.662"/>
  <testcase classname="restaurantBooking.NewTest" name="LogOut" time="1.480"/>
</testsuite> <!-- restaurantBooking.NewTest -->
