<?xml version="1.0" encoding="UTF-8"?>
<!-- Generated by org.testng.reporters.JUnitReportReporter -->
<testsuite hostname="DESKTOP-TH9MDQH" failures="0" tests="2" name="restaurantBooking.NewTest" time="3.126" errors="0" timestamp="27 Feb 2022 08:37:44 GMT">
  <testcase classname="restaurantBooking.NewTest" name="f" time="1.634"/>
  <testcase classname="restaurantBooking.NewTest" name="LogOut" time="1.492"/>
</testsuite> <!-- restaurantBooking.NewTest -->
