<?xml version="1.0" encoding="UTF-8"?>
<!-- Generated by org.testng.reporters.JUnitReportReporter -->
<testsuite hostname="DESKTOP-TH9MDQH" failures="0" tests="1" name="restaurantBooking.NewTest" time="1.982" errors="0" timestamp="24 Feb 2022 07:44:43 GMT">
  <testcase classname="restaurantBooking.NewTest" name="f" time="1.982"/>
</testsuite> <!-- restaurantBooking.NewTest -->
