<?xml version="1.0" encoding="UTF-8"?>
<!-- Generated by org.testng.reporters.JUnitReportReporter -->
<testsuite hostname="DESKTOP-TH9MDQH" failures="0" tests="1" name="restaurantBooking.NewTest" time="2.049" errors="0" timestamp="24 Feb 2022 07:49:54 GMT">
  <testcase classname="restaurantBooking.NewTest" name="f" time="2.049"/>
</testsuite> <!-- restaurantBooking.NewTest -->
