<?xml version="1.0" encoding="UTF-8"?>
<!-- Generated by org.testng.reporters.JUnitReportReporter -->
<testsuite hostname="DESKTOP-TH9MDQH" failures="0" tests="1" name="restaurantBooking.NewTest" time="1.455" errors="0" timestamp="24 Feb 2022 06:55:03 GMT">
  <testcase classname="restaurantBooking.NewTest" name="f" time="1.455"/>
</testsuite> <!-- restaurantBooking.NewTest -->
