<?xml version="1.0" encoding="UTF-8"?>
<!-- Generated by org.testng.reporters.JUnitReportReporter -->
<testsuite hostname="TenaciouZ-ZenBook" failures="0" tests="1" name="restaurantBooking.NewTest" time="0.011" errors="0" timestamp="24 Feb 2022 03:33:20 GMT">
  <testcase classname="restaurantBooking.NewTest" name="f" time="0.011"/>
</testsuite> <!-- restaurantBooking.NewTest -->
