<?xml version="1.0" encoding="UTF-8"?>
<!-- Generated by org.testng.reporters.JUnitReportReporter -->
<testsuite hostname="TenaciouZ-ZenBook" failures="0" tests="1" name="restaurantBooking.NewTest" time="0.008" errors="0" timestamp="26 Feb 2022 13:09:32 GMT">
  <testcase classname="restaurantBooking.NewTest" name="f" time="0.008"/>
</testsuite> <!-- restaurantBooking.NewTest -->
